\BOOKMARK [0][-]{chapter.1}{\376\377\000E\000x\000c\000e\000l}{}% 1
\BOOKMARK [1][-]{section.1.1}{\376\377\000W\000i\000c\000h\000t\000i\000g\000e\000\040\000E\000x\000c\000e\000l\000-\000F\000o\000r\000m\000e\000l\000n}{chapter.1}% 2
\BOOKMARK [1][-]{section.1.2}{\376\377\000\334\000b\000l\000i\000c\000h\000e\000\040\000D\000i\000a\000g\000r\000a\000m\000m\000a\000r\000t\000e\000n\000\040\000u\000n\000d\000\040\000i\000h\000r\000e\000\040\000A\000n\000w\000e\000n\000d\000u\000n\000g\000e\000n}{chapter.1}% 3
\BOOKMARK [0][-]{chapter.2}{\376\377\000P\000y\000t\000h\000o\000n\000\040\000D\000a\000t\000e\000n\000t\000y\000p\000e\000n\000,\000\040\000F\000u\000n\000k\000t\000i\000o\000n\000e\000n\000\040\000u\000n\000d\000\040\000M\000e\000t\000h\000o\000d\000e\000n}{}% 4
\BOOKMARK [1][-]{section.2.1}{\376\377\000D\000a\000t\000e\000n\000t\000y\000p\000e\000n\000\040\000i\000n\000\040\000P\000y\000t\000h\000o\000n}{chapter.2}% 5
\BOOKMARK [1][-]{section.2.2}{\376\377\000G\000r\000u\000n\000d\000l\000e\000g\000e\000n\000d\000e\000\040\000F\000u\000n\000k\000t\000i\000o\000n\000e\000n}{chapter.2}% 6
\BOOKMARK [1][-]{section.2.3}{\376\377\000M\000e\000t\000h\000o\000d\000e\000n\000\040\000f\000\374\000r\000\040\000D\000a\000t\000e\000n\000t\000y\000p\000\040\000s\000t\000r}{chapter.2}% 7
\BOOKMARK [1][-]{section.2.4}{\376\377\000M\000e\000t\000h\000o\000d\000e\000n\000\040\000f\000\374\000r\000\040\000D\000a\000t\000e\000n\000t\000y\000p\000\040\000l\000i\000s\000t}{chapter.2}% 8
\BOOKMARK [1][-]{section.2.5}{\376\377\000F\000u\000n\000k\000t\000i\000o\000n\000e\000n\000\040\000i\000m\000\040\000M\000o\000d\000u\000l\000\040\000r\000a\000n\000d\000o\000m}{chapter.2}% 9
\BOOKMARK [1][-]{section.2.6}{\376\377\000F\000u\000n\000k\000t\000i\000o\000n\000e\000n\000\040\000i\000m\000\040\000M\000o\000d\000u\000l\000\040\000m\000a\000t\000h}{chapter.2}% 10
\BOOKMARK [2][-]{subsection.2.6.1}{\376\377\000K\000o\000n\000s\000t\000a\000n\000t\000e\000n\000\040\000i\000m\000\040\000M\000o\000d\000u\000l\000\040\000m\000a\000t\000h}{section.2.6}% 11
\BOOKMARK [1][-]{section.2.7}{\376\377\000F\000u\000n\000k\000t\000i\000o\000n\000e\000n\000\040\000i\000m\000\040\000M\000o\000d\000u\000l\000\040\000s\000t\000a\000t\000i\000s\000t\000i\000c\000s}{chapter.2}% 12
\BOOKMARK [0][-]{chapter.3}{\376\377\000W\000i\000e\000d\000e\000r\000h\000o\000l\000u\000n\000g\000s\000s\000e\000r\000i\000e}{}% 13
\BOOKMARK [1][-]{section.3.1}{\376\377\000R\000a\000n\000g\000e\000\040\000u\000n\000d\000\040\000f\000o\000r\000\040\000S\000c\000h\000l\000e\000i\000f\000e\000n}{chapter.3}% 14
\BOOKMARK [1][-]{section.3.2}{\376\377\000Q\000u\000a\000d\000r\000a\000t\000f\000u\000n\000k\000t\000i\000o\000n}{chapter.3}% 15
\BOOKMARK [1][-]{section.3.3}{\376\377\000L\000i\000s\000t\000e\000n\000o\000p\000e\000r\000a\000t\000i\000o\000n\000e\000n\000\040\000u\000n\000d\000\040\000d\000i\000c\000t\000i\000o\000n\000a\000r\000y}{chapter.3}% 16
\BOOKMARK [1][-]{section.3.4}{\376\377\000B\000o\000o\000l\000e\000s\000c\000h\000e\000\040\000O\000p\000e\000r\000a\000t\000o\000r\000e\000n}{chapter.3}% 17
\BOOKMARK [1][-]{section.3.5}{\376\377\000L\000o\000k\000a\000l\000e\000\040\000M\000a\000x\000i\000m\000a}{chapter.3}% 18
\BOOKMARK [1][-]{section.3.6}{\376\377\000S\000u\000m\000m\000e\000\040\000e\000i\000n\000e\000r\000\040\000L\000i\000s\000t\000e\000\040\000<\000\040\000T\000h\000r\000e\000s\000h\000o\000l\000d}{chapter.3}% 19
\BOOKMARK [1][-]{section.3.7}{\376\377\000F\000i\000z\000z\000B\000u\000z\000z}{chapter.3}% 20
\BOOKMARK [1][-]{section.3.8}{\376\377\000Z\000u\000f\000a\000l\000l\000s\000z\000a\000h\000l\000e\000n}{chapter.3}% 21
\BOOKMARK [1][-]{section.3.9}{\376\377\000G\000e\000l\000d\000s\000p\000i\000e\000l\000a\000u\000t\000o\000m\000a\000t}{chapter.3}% 22
\BOOKMARK [1][-]{section.3.10}{\376\377\000W\000\374\000r\000f\000e\000l\000s\000i\000m\000u\000l\000a\000t\000i\000o\000n}{chapter.3}% 23
\BOOKMARK [1][-]{section.3.11}{\376\377\000Q\000u\000a\000d\000r\000a\000t\000i\000s\000c\000h\000e\000\040\000f\000u\000n\000k\000t\000i\000o\000n\000\040\000m\000i\000t\000\040\000z\000w\000e\000i\000\040\000L\000\366\000s\000u\000n\000g\000e\000n}{chapter.3}% 24
\BOOKMARK [1][-]{section.3.12}{\376\377\000D\000a\000t\000e\000i\000i\000m\000p\000o\000r\000t\000\040\000u\000n\000d\000\040\000K\000e\000y\000w\000o\000r\000d\000s\000u\000c\000h\000e}{chapter.3}% 25
\BOOKMARK [1][-]{section.3.13}{\376\377\000s\000c\000i\000p\000y\000\040\000u\000n\000d\000\040\000K\000u\000r\000v\000e\000n\000p\000l\000o\000t}{chapter.3}% 26
\BOOKMARK [1][-]{section.3.14}{\376\377\000V\000e\000r\000s\000t\000\344\000n\000d\000n\000i\000s\000f\000r\000a\000g\000e\000n}{chapter.3}% 27
\BOOKMARK [1][-]{section.3.15}{\376\377\000G\000e\000m\000i\000s\000c\000h\000t}{chapter.3}% 28
\BOOKMARK [2][-]{subsection.3.15.1}{\376\377\000C\000o\000u\000n\000t\000e\000r\000\040\000u\000n\000d\000\040\000b\000o\000o\000l}{section.3.15}% 29
\BOOKMARK [2][-]{subsection.3.15.2}{\376\377\000w\000h\000i\000l\000e\000\040\000z\000u\000\040\000f\000o\000r\000\040\000S\000c\000h\000l\000e\000i\000f\000e}{section.3.15}% 30
\BOOKMARK [2][-]{subsection.3.15.3}{\376\377\000Z\000u\000f\000\344\000l\000l\000i\000g\000e\000\040\000L\000i\000s\000t\000e\000\040\000e\000r\000s\000t\000e\000l\000l\000e\000n\000\040\000u\000n\000d\000\040\000a\000u\000f\000t\000r\000e\000n\000n\000e\000n}{section.3.15}% 31
\BOOKMARK [2][-]{subsection.3.15.4}{\376\377\000A\000u\000f\000s\000u\000m\000m\000i\000e\000r\000e\000n\000\040\000e\000i\000n\000e\000r\000\040\000L\000i\000s\000t\000e\000\040\000m\000i\000t\000\040\000t\000h\000r\000e\000s\000h\000o\000l\000d}{section.3.15}% 32
\BOOKMARK [1][-]{section.3.16}{\376\377\000F\000u\000n\000k\000t\000i\000o\000n\000e\000n\000\040\000m\000i\000t\000\040\000U\000s\000e\000r\000i\000n\000p\000u\000t}{chapter.3}% 33
\BOOKMARK [1][-]{section.3.17}{\376\377\000s\000t\000r\000i\000n\000g\000-\000M\000a\000n\000i\000p\000u\000l\000a\000t\000i\000o\000n\000e\000n\000\040\000u\000n\000d\000\040\000M\000a\000t\000r\000i\000x}{chapter.3}% 34
\BOOKMARK [1][-]{section.3.18}{\376\377\000G\000e\000m\000i\000s\000c\000h\000t\000e\000\040\000F\000r\000a\000g\000e\000n\000,\000\040\000G\000r\000u\000n\000d\000l\000e\000g\000e\000n\000d\000e\000s}{chapter.3}% 35
\BOOKMARK [1][-]{section.3.19}{\376\377\000L\000i\000s\000t\000e\000n\000m\000a\000n\000i\000p\000u\000l\000t\000a\000i\000o\000n\000e\000n}{chapter.3}% 36
\BOOKMARK [1][-]{section.3.20}{\376\377\000M\000a\000t\000h\000e\000m\000a\000t\000i\000s\000c\000h\000e\000\040\000F\000u\000n\000k\000t\000i\000o\000n\000e\000n\000\040\000u\000n\000d\000\040\000s\000t\000a\000t\000i\000s\000t\000i\000k\000\040\000\374\000b\000e\000r\000\040\000D\000a\000t\000e\000i}{chapter.3}% 37
\BOOKMARK [1][-]{section.3.21}{\376\377\000l\000i\000s\000t\000\137\000s\000p\000l\000i\000t\000t\000i\000n\000g\000\040\000u\000n\000d\000\040\000m\000u\000l\000t\000i\000p\000l\000y\000\040\000i\000n\000t\000o\000\040\000t\000a\000b\000l\000e}{chapter.3}% 38
